addBackgroundNotificationObservers
addGestureRecognizers
addHistoryRecord
addImgClickJS
addIndicatorView
addLabelToView
addLableAtX
addLongPressActionWithBlock
addMPVolumeView
addMyView
addPlayerNotificationObservers
addPlayerView
addPointToViewWithData
addProgressObserver
addQuarterBgView
addSubviewWithCons
addTabAtIndex
addTapActionWithBlock
addTapGesture
addToSuperView
against_pts
alertView
alertWindow
animationDidStop
appBuild
appBundleId
appDidEnterPlayGround
appNetworkChangedNotification
appVersion
appWillEnterBackground
appearSoundView
appleIdLoginBtn
applyTo
area_matches
assetLibrary
assetModelWithAsset
assetsAtIndexPaths
audioRouteChangeListenerCallback
autoFadeOutControlView
autoPlayTheVideo
avatar
avg_against_pts
avg_pts
away_matches
backBtnClickAction
backButton
backButtonClick
backgroundImageView
backgroundImageViewTapAction
batteryToolWithStatus
boxblurImage
buttonClick
canHandleURI
canPerformAction
cancelButtonClick
cancelButtonClicked
carrierName
cellResponder
changeBatteryColor
changeBrightness
changeLoadProgress
changeOrignalSEL
changeOritention
changePlayProgress
changePlayerState
changeSlideProgressView
changeVolume
chartValueSelected
checkIfFFmpegVersionMatch
checkIfPlayerVersionMatch
checkSelectedModels
circularClipImage
clearImagesCache
clickBackBtn
clickSelectQuartView
clipImageInRect
closeButtonAction
closeWatchrRecordBtn
closeWatchrRecordBtnClick
collectionView
colorWithHexString
commentGetter
componentsWithOffsetFromDate
computeDifferenceBetweenRect
configBarButtonItemAppearance
configBottomToolBar
configCollectionView
configCropView
configCustomNaviBar
configDefaultBtnTitle
configDefaultImageName
configDefaultSetting
configLMPlayer
configMoviePlayer
configNaviTitleAppearance
configPlayButton
configPreviewView
configProgressView
configSubviews
configTZScreenWidth
configTableView
configureVolume
connectToServer
containerView
contentTapAction
controlViewTapAction
convertDateToLocalTime
convertTimeSecond
coreBlurImage
countHeightForComments
countWithDataList
coverControlView
coverControlViewBackButtonClick
coverControlViewBackgroundImageViewTapAction
coverControlViewShareButtonClick
creatDelegateWithBack
createGesture
createImageWithColor
createPoint
createTips
cropImageView
currentViewController
data2Int
dataWithAd
decimalNumberWithMax2Digit
degressFromVideoFileWithAsset
delectButtonClick
deleteAction
destory
destoryPlayer
destroyVideo
dh_contentTypeForImageData
dh_contentTypeForImageURL
dh_initWithFrame
didBuffer
didChangeProgress
didChangeStatusBarOrientationNotification
didGetAllPhotos
didLogin
didMoveToSuperview
didShutdown
didTapPreviewCell
doLoginRequesWithAccessToken
doShareToPlatform
doThirdLoginRequesWithAccessToken
doThirdLoginRequestWithAccessToken
doneButtonClick
doubleTap
doubleTapAction
downloadButton
downloadButtonClick
dr_dateFormatter
emptyView
endViewControllerEditing
exitFullScreenBtn
exitFullScreenButtonClickAction
failBtn
failBtnClick
failButtonClick
fastImageView
fastProgressView
fastTimeLabel
fastView
fetchAssetModels
fetchBigImage
fixedCompositionWithAsset
formatTime
fullScreenButtonClickAction
gestureRecognizer
gestureRecognizerShouldBegin
getAccountModels
getAllAlbums
getAppBaseColor
getAssetFromFetchResult
getAssetIdentifier
getAssetType
getAssetsFromFetchResult
getAuthWithUserInfoFromFacebook
getAuthWithUserInfoFromLine
getBrightness
getBytesFromDataLength
getCameraRollAlbum
getCurrentPhotoCollectionWithTitle
getCurrentViewController
getCurrentWindow
getDefaultAvater
getInstance
getLabelAtIndex
getNewTimeFromDurationSecond
getNewsTextAttribute
getOriginalPhotoDataWithAsset
getOriginalPhotoWithAsset
getPhotoWithAsset
getPhotosBytesWithArray
getPostImageWithAlbumModel
getSelectedPhotoBytes
getShootPointWithGameId
getTimeStamp
getTimeStrWithString
getVideoCompletion
getVideoOutputPathWithAsset
getVideoWithAsset
getVideos
getWordLiveFeedWithGameId
get_league_list_successBlock
gidLoginBtn
gtm_stringByEscapingForAsciiHTML
gtm_stringByEscapingForHTML
gtm_stringByEscapingHTMLUsingTable
gtm_stringByUnescapingFromHTML
h5BaseUrl
handleActionForLongPressGesture
handleActionForTapGesture
handleAuthrization
handleBatteryLevelDidChangeNotification
handleBatteryStateDidChangeNotification
handleDoubleTapGesture
handleGidSign
handleLoadStateDidChangeNotification
handleNotification
handlePanGesture
handlePlaybackDidFinishNotification
handlePlaybackStateDidChangeNotification
handleSingleTapGesture
handleURI
hideAlertView
hideControl
hideControlView
hideEmptyView
hideFastView
hideHUDInView
hideLineSelectView
hideLoadingView
hideProgressHUD
hideProgressView
hideWatchrRecordView
historyViewHidden
home_matches
htmlEscapedString
htmlEscapes
htmlUnescapedString
htmlUnescapes
iPhoneXTabarSafeHeight
iframHtmlWithContent
imageFromLayer
imageNamedFromMyBundle
imagePickerController
imagePickerControllerDidCancel
imagePickerVc
imageSavedToPhotosAlbum
interfaceOrientation
invalidTimeTimer
invalidTimer
isAlbumCanSelect
isAnimating
isAssetCanSelect
isAssetsArray
isCameraRollAlbum
isDisableEmoji
isEarlierThanDate
isEqualToDateIgnoringTime
isIPhoneXSeries
isInFuture
isInPast
isIphoneXSeries
isLastMonth
isLastWeek
isLastYear
isLaterThanDate
isNextMonth
isNextWeek
isNextYear
isObsevered
isPhotoSelectableWithAsset
isPlaying
isSameMonthAsDate
isSameWeekAsDate
isSameYearAsDate
isThisMonth
isThisWeek
isThisYear
isToday
isTomorrow
isTypicallyWeekend
isTypicallyWorkday
isVideoToolboxOpen
isYesterday
jumpPlayBtn
jumpPlayBtnClick
jumpPlayButtonClick
landScapeBackButtonClick
landScapeControlView
landScapeExitFullScreenButtonClick
landScapeGetVideos
landScapeLineClick
landScapeLineTipsClick
landScapeOpenOrCloseBarrageButtonClick
landScapePlayPauseButtonClick
landScapeProgressSliderBeginDrag
landScapeProgressSliderEndDrag
landScapeProgressSliderTapAction
landScapeSendBarrageButtonClick
layoutAttributesForElementsInRect
layoutAttributesForItemAtIndexPath
layoutSublayersOfLayer
leftView
lineBtnClickAction
lineSelectView
listeningRotating
loadBatteryInfo
loadBatteryLevel
loadBatteryState
loadCarrier
loadChildViewControllerByIndex
loadComments
loadData
loadDataForTimer
loadDetailWithCompleteBlock
loadFailed
loadHotCommentsWithCompleteBlock
loadNetworkInfo
loadNextPage
loadNextPageWithSuccessBlock
loadNormalCommentsWithCompleteBlock
loadStateDidChange
loadedControllersArray
loadedFlagArray
loading
loadingView
loadingViewBackButtonClick
loadingViewShareButtonClick
locationManager
longDateString
longPressGestureRecognizerTriggerd
mainViewController
makeImageWithView
makeProgressAndTimeViewsHidden
makeProgressAndTimeViewsNOHidden
makeSubViewsAction
makeSubViewsConstraints
manager
matches
maxLength
mdWithDate
mediaIsPreparedToPlayDidChange
mediumDateString
mediumString
mediumTimeString
midnightWithDate
minutesAfterDate
minutesBeforeDate
mmRootViewController
modelContainerPropertyGenericClass
modelCustomPropertyMapper
modelName
modelWithAsset
modelWithResult
moviePlayBackFinish
moviePlayBackStateDidChange
mq_textFieldDidChange
navLeftBarButtonClick
nearestHour
newScaledImage
newTransformedImage
noCommentsFooterView
notContainToday
nthWeekday
numberOfPagesInViewPager
numberOfSectionsInTableView
numbersOfDayFromDate
observeAuthrizationStatusChange
observeValueForKeyPath
onBannerImageTapped
onDeviceOrientationChange
onEmailChagne
onInputBegin
onInputEnd
onShareButtonTapped
onUserLogStatusChagne
onUserNameChagne
onUserProfileUpdate
openCamera
openOrCloseBarrageButtonClickAction
openViewController
optionsByDefault
orientationFromImage
originalPhotoButtonClick
overlayClippingWithView
p_fitWithTitle
p_fixScrollOffset
p_height
p_loadLocalHTMLString
p_postRequestWithJS
p_setupTitle
pageLabel
panDirection
panGestureRecognizerEnable
panGestureRecognizerTriggerd
panHorizontalBeginMoved
panHorizontalEndMoved
panHorizontalMoving
parseMsgData
pause
pausePlayerAndShowNaviBar
pauseVideo
photoPreviewCollectionViewDidScroll
photoSizeWithAsset
pictureBrowserViewhide
pictureBrowsweViewWithFrame
playBtnClickNow
playButtonClick
playControl
playDidEnd
playEndHideControlView
playEndHideView
playNewVideo
playNowWithTime
playOrPause
playOrPauseBtn
playPauseButtonClickAction
playVideo
playbackComplete
playbackShutDown
playerAllShutdown
playerBackButtonClick
playerCancelAutoFadeOutControlView
playerContentView
playerControlView
playerControlViewWithStatusModel
playerControllerDidClickDone
playerControllerDidClickFullScreen
playerDidEndAction
playerExitFullScreen
playerImageView
playerManagerWithDelegate
playerPause
playerReadyToPlay
playerResetControlView
playerResetControlViewForResolution
playerResetStatusModel
playerResetVideoPlayerView
playerSeekTimeAction
playerShareButtonClick
playerView
playerViewEnterFullScreen
playerViewExitFullScreen
portraitBackButtonClick
portraitControlView
portraitFullScreenButtonClick
portraitLineTipsClick
portraitPlayPauseButtonClick
portraitProgressSliderBeginDrag
portraitProgressSliderEndDrag
portraitProgressSliderTapAction
portraitShareButtonClick
previewButtonClick
progressChangeEnd
progressChangeStart
progressLayer
progressSliderTouchBeganAction
progressSliderTouchEndedAction
progressSliderValueChangedAction
pushImagePickerController
pushPhotoPickerVc
pushPhotoPrevireViewController
reAddCellPlayerView
reConnect
rePlay
readyToPlay
recoverSubviews
refreshAwayShootPoint
refreshBottomToolBarStatus
refreshDataWithGameId
refreshDataWithTeam
refreshHistoryData
refreshHomeShootPoint
refreshImageContainerViewCenter
refreshNaviBarAndBottomBarState
refreshPlayBtn
refreshPlayBtnClick
refreshPlayBtnClickAction
refreshScrollViewContentSize
refreshTimeTitle
refreshUI
registerAll
registerBridges
registerURI
reloadPhotoArray
remakePlayerFatherViewPositionInLandscape
remakePlayerFatherViewPositionInPortrait
removeAccount
removeAllCache
removeAllObservers
removeBackgroundNotificationObservers
removeGuidePageHUD
removeMovieNotificationObservers
repeatBtn
repeatBtnClick
repeatButtonClick
repeatPlay
requestAd
requestAllPlayerRankDataWithType
requestAuthorizationWithCompletion
requestHotShootDataWithQuarter
requestLikeMatchTeamWithGameId
requestLivePostWithGameId
requestPlayerInfo
requestWithKey
resetAnimations
resetCachedAssets
resetPlayer
resetStartPlayer
resetTabs
resetTimer
resetToPlayNewVideo
resizeSubviews
resizedImage
resizedImageWithRestrictSize
resizedImageWithTargetRestrictSize
responder
responsePushInfo
roundDownFormat2Digit
roundDownFormatMax2Digit
safeHeight
safelyAddObserver
safelyRemoveAllObservers
safelyRemoveObserver
saveAccount
saveAccountModels
savePhotoWithImage
saveUserInfo
saveUserToken
scaleImage
scaleToSize
screenEdgePanGestureRecognizer
scrollBanner
scrollCollectionViewToBottom
scrollTitle
scrollToBottom
scrollToPage
scrollViewDidEndDecelerating
scrollViewDidEndDragging
scrollViewDidEndScrollingAnimation
scrollViewDidEndZooming
scrollViewDidScroll
scrollViewDidScrollToTop
scrollViewDidZoom
scrollViewShouldScrollToTop
scrollViewWillBeginDecelerating
scrollViewWillBeginDragging
scrollViewWillBeginZooming
sdk_setUpNetworkReachability
seekToTime
selectLeftPlayer
selectPhotoButton
selectPhotoButtonClick
selectRightPlayer
selectedCountButton
selectedTabAtIndex
sendBarrageButtonClickAction
sendData
sendHeartbeatMessage
sendLoginData
serverBaseUrl
setAwayLogo
setBarItemTextColor
setBarItemTextFont
setBgImage
setBottom
setCenterX
setCenterY
setChaMsg
setChildViewFrame
setCircleCropRadius
setClickListener
setCodecOptionIntValue
setCodecOptionValue
setColumnNumber
setContent
setCropRect
setCustom_fields
setData
setDataModel
setDate
setDisableEmoji
setEastern
setEasternAtlantic
setEasternCentral
setEasternSoutheast
setEmptyView
setExpend
setFormatOptionIntValue
setFormatOptionValue
setFullScreen
setHeight
setHideWhenCanNotSelect
setHidesWhenStopped
setHistory
setHitRate
setHomeLogo
setHudValue
setIndicatorColor
setIsReply
setIsShowing
setItemsPerPage
setLineTips
setLineWidth
setLoadingView
setLogLevel
setLogReport
setMatchSummaryModel
setMaxImagesCount
setMaxLength
setMediaInfo
setMessageCount
setMinPhotoHeightSelectable
setMinPhotoWidthSelectable
setModel
setName
setNaviBgColor
setNaviTitleColor
setNaviTitleFont
setNewsModel
setNewsText
setObsever
setOptionIntValue
setOptionValue
setOrientation
setOrientationLandscapeConstraint
setOrientationPortraitConstraint
setOrigin
setPanGestureRecognizerEnable
setPauseInBackground
setPhotoPreviewMaxWidth
setPhotoWidth
setPhotos
setPickerDelegate
setPlayTime
setPlayTimeAndTotalTime
setPlaybackRate
setPlayerData
setPlayerLayerView
setPlayerOptionIntValue
setPlayerOptionValue
setPlaying
setPortraitFullScreen
setProgress
setResult
setRight
setThumbWithUrl
setTimeout
setType
setTz_bottom
setTz_centerX
setTz_centerY
setTz_height
setTz_left
setTz_origin
setTz_right
setTz_size
setTz_top
setTz_width
setUpPlayerView
setUpRightSearchButton
setUpUM
setValueChangedBlock
setViewPager
setViewPagerDateSource
setViewTapGestureWithTarget
setVolume
setWestern
setWesternNorthwest
setWesternPacific
setWesternSouthwest
setbrowserArray
settingBtnClick
setup
setupBackground
setupContentTableView
setupJSBridge
setupLeftTableView
setupPushSwich
setupPushWithLaunchOptions
setupRightTableView
setupSaveButton
setupTableView
setupUI
setupViews
setupWebViewKVO
setupWebViewWithCompletion
share
shareBtnClickAction
shareButton
shareButtonAction
shareButtonButtonClick
sharedBrightnessView
sharedModule
shortDateString
shortString
shortTimeString
shouldAutorotate
showActionSheetWithTitle
showAlertWithTitle
showControl
showControlView
showDeleteAlertViewWithComplete
showEmptyView
showEmptyViewWithEdge
showEmptyViewWithImage
showEmptyViewWithTitle
showFastView
showHUDInView
showHUDWithText
showInView
showIpadActionSheet
showLineSelectView
showLoadingView
showLoadingViewWithEdge
showMeCenter
showOscillatoryAnimationWithLayer
showPhotoBytes
showPlayback
showProgressHUD
showSearchViewController
showStatusBar
showTZImagePickerController
showTagDeleteAlertViewWithComplete
showToast
showWatchrRecordView
showWithTitle
shrinkOrFullScreen
shutdown
startPlay
startReadyToPlay
startScrollTimer
startSeatchAction
startTimeTimer
startTimer
startTitleTimer
statusBackgrundViewView
stop
stopAnimating
stopScrollTimer
stopTimer
stopTitleTimer
stopVideo
submitButtonClicked
supportedInterfaceOrientations
svgHtmlWithUrl
svg_setImageWithURL
syncCoverImageViewWithURLString
syncDurationTime
syncOpenCloseBarrageButton
syncTitle
syncbufferProgress
syncplayPauseButton
syncplayProgress
syncplayTime
systemVersion
tabBarHeight
tabPressed
tableViewCellEnterFullScreen
tableViewCellExitFullScreen
tableViewWillPlay
takePhoto
taoGoIntoMainController
taoLoadDetailWithCompleteBlock
taoRequestConfig
taoRequestInitAllData
taoRequestPostidByGameid
tao_countHeight
tao_currentServerType
tao_deviceToken
tao_doUserLogin
tao_doUserLogout
tao_fbLoginManager
tao_fileUploadWithFunctionPath
tao_getRequestCommon
tao_getRequestWithFunctionPath
tao_goSystemSettingCenter
tao_handleNavBack
tao_handlePopActionMySelf
tao_imageUploadWithFunctionPath
tao_imageWithOriginalImage
tao_imagecutWithOriginalImage
tao_isUserLogin
tao_postRequestWithFunctionPath
tao_refreshUI
tao_refreshUserInfoWithSuccessBlock
tao_saveDeviceToken
tao_shouldForbidSlideBackAction
tao_shouldHandlePopActionMySelf
tao_shouldHideNavigationBar
tao_showAlertWithTitle
tao_switchToDevServer
tao_switchToProductServer
tao_switchToTestServer
tao_updateSessionWithBlock
tao_userInfo
tao_userToken
taoaddCollectionWithNewsId
taoaddHistoryWithNewsId
taoaddLikeWithNewsId
taocameraDenied
taocanShare
taocountCommentHeight
taocountHeight
taodeleteCollectionWithNewsId
taodeleteFileAtPath
taodeleteLikeWithNewsId
taodoLoginRequestWithAccessToken
taodoRequestWithCompleteBlock
taofixImageSize
taofooterViewWithFrame
taogetClearContentWithBlock
taogetDataForPath
taogetDirectoryInDocumentWithName
taogetDiskSpaceInfoWithBlock
taogetDocumentPath
taogetFilePathWithName
taogetFileSizeWithPath
taogetSubpathsAtPath
taoimageUrlFixWithWidth
taoisExistsFileAtPath
taoisExistsFolderAtPath
taoisIPhoneXSeries
taolikePostWithPostId
taoloadNextPageWithSuccessBlock
taomeCenterButton
taomoveFileAtPath
taopagesValueOfPage
taophotoAlbumDenied
taopostCommentWithComment_txt
taorefreshUI
taorefreshWithCommentModel
taorefreshWithDetailList
taorefreshWithLiveFeedList
taorefreshWithMatchCompareModel
taorefreshWithMatchSummaryModel
taorefreshWithModel
taorefreshWithMyMessageModel
taorefreshWithName
taorefreshWithPlayerModel
taorefreshWithRankModel
taorefreshWithTeamModel
taorefreshWithTitle
taorequestAllCommentWithPostId
taorequestAllTeamRankDataWithType
taorequestCollectionListWithOffset
taorequestDetailWithPostId
taorequestHighLightWithGameId
taorequestHistoryWithOffset
taorequestHotCommentWithOffset
taorequestLiveDataRequests
taorequestLiveFeedWithGameId
taorequestMatchProgressWithGameId
taorequestMyCommentWithOffset
taorequestMyLikeWithOffset
taorequestMyMessageWithOffset
taorequestNormalCommentWithOffset
taorequestSummaryWithGameId
taorequestUnReadMessageCountWithSuccessBlock
taorequestUserInfoWithSuccessBlock
taorequestWithStartDate
taorequestWithSuccessBlock
taorequestWithType
taoreset
taosaveToDiskWithImage
taosetDynamicGuidePage
taosetStaticGuidePage
taosetVideoGuidePage
taosetupMeCenterButton
taosetupViews
taosetupWithClearHtmlContent
taosetupWithDataModel
taosetupWithDatas
taosetupWithMatchLiveFeedModel
taosetupWithMatchModel
taosetupWithMatchSummaryModel
taosetupWithNewsModel
taosetupWithNewsModels
taosetupWithPLMediaInfo
taosetupWithTitle
taoshare
taoshowLoginAlertViewWithSelectBlock
taoshowShareAlertViewWithFB
taoshowShareAlertViewWithFBAndSave
taoshowShareAlertViewWithSelectBlock
taoshowWithWithDate
taototalValueOfPage
taoupdateUserInfoWithEmail
taouserInfoPath
taoviewController
taoviewControllersNotHideTabBar
tapAction
tapSliderAction
textFieldDidChangeValue
textFieldTextChange
th_setImageWithURL
thumbPlayBtn
thumbPlayBtnClick
thumbnailImageAtCurrentTime
tintColorDidChange
touchesEnded
touchesShouldCancelInContentView
trafficStatistic
transformForOrientation
update
updateAfterComment
updateCachedAssets
updateCarrierInfo
updateEmptyViewColor
updateHotShootDataModel
updateLayer
updateLongView
updateMatchInfoWiithSummaryModel
updatePath
updateUserInfo
updateView
updateWithLeftPercent
updateWithLeftValue
uriHandlerDict
urlDecodeString
urlEncodeString
userInfo
userModel
userNotificationCenter
valueInPlistForKey
verticalMoved
videoPlayerControllerDelectVideo
videoPlayerViewWithSuperView
videoPlayerWithView
videoSlider
volumeValueChange
willAnimateRotationToInterfaceOrientation
willInterfaceOrientionChange
willMoveToSuperview
willOpenUrl
willRotateToInterfaceOrientation
willStartPlay
win
winRate
xDeleteButton
xHTNewsHomeCellHeight
xSearchTextField